<?xml version="1.0" encoding="UTF-8"?>
<!-- Generated by org.testng.reporters.JUnitReportReporter -->
<testsuite hostname="QT-INBG-LT0455" failures="0" tests="2" name="Test.OrderApp" time="25.728" errors="0" timestamp="2022-07-24T12:27:01 IST" skipped="0">
  <testcase classname="Test.OrderApp" name="oarderApp" time="11.523"/>
  <system-out/>
  <testcase classname="Test.OrderApp" name="oarderApp" time="14.205"/>
  <system-out/>
</testsuite> <!-- Test.OrderApp -->
