<?xml version="1.0" encoding="UTF-8"?>
<!-- Generated by org.testng.reporters.JUnitReportReporter -->
<testsuite hostname="QT-INBG-LT0455" failures="0" tests="3" name="Test.LoginApp" time="18.635" errors="0" timestamp="2022-07-24T12:27:40 IST" skipped="0">
  <testcase classname="Test.LoginApp" name="loginApp" time="5.563"/>
  <system-out/>
  <testcase classname="Test.LoginApp" name="loginApp" time="7.427"/>
  <system-out/>
  <testcase classname="Test.LoginApp" name="loginApp" time="5.645"/>
  <system-out/>
</testsuite> <!-- Test.LoginApp -->
